{
  message: 'Este es un mensaje warn de prueba',
  level: 'warn',
  timestamp: '2023-03-05T05:01:02.527Z'
}
{
  message: 'Este es un mensaje error de prueba',
  level: 'error',
  timestamp: '2023-03-05T05:01:02.534Z'
}
{
  message: 'Este es un mensaje warn de prueba',
  level: 'warn',
  timestamp: '2023-03-05T07:14:54.664Z'
}
{
  message: 'Este es un mensaje error de prueba',
  level: 'error',
  timestamp: '2023-03-05T07:14:54.667Z'
}
{
  message: 'Este es un mensaje warn de prueba',
  level: 'warn',
  timestamp: '2023-03-05T07:27:21.359Z'
}
{
  message: 'Este es un mensaje error de prueba',
  level: 'error',
  timestamp: '2023-03-05T07:27:21.362Z'
}
{
  message: 'Este es un mensaje warn de prueba',
  level: 'warn',
  timestamp: '2023-03-05T07:49:55.062Z'
}
{
  message: 'Este es un mensaje error de prueba',
  level: 'error',
  timestamp: '2023-03-05T07:49:55.066Z'
}
{
  message: 'Este es un mensaje warn de prueba',
  level: 'warn',
  timestamp: '2023-03-05T07:50:15.631Z'
}
{
  message: 'Este es un mensaje error de prueba',
  level: 'error',
  timestamp: '2023-03-05T07:50:15.635Z'
}
{
  message: 'Este es un mensaje warn de prueba',
  level: 'warn',
  timestamp: '2023-03-05T07:50:57.931Z'
}
{
  message: 'Este es un mensaje error de prueba',
  level: 'error',
  timestamp: '2023-03-05T07:50:57.936Z'
}
{
  message: 'Este es un mensaje warn de prueba',
  level: 'warn',
  timestamp: '2023-03-05T07:51:21.845Z'
}
{
  message: 'Este es un mensaje error de prueba',
  level: 'error',
  timestamp: '2023-03-05T07:51:21.849Z'
}
{
  message: 'Este es un mensaje warn de prueba',
  level: 'warn',
  timestamp: '2023-03-05T08:00:28.272Z'
}
{
  message: 'Este es un mensaje error de prueba',
  level: 'error',
  timestamp: '2023-03-05T08:00:28.275Z'
}
{
  message: 'Este es un mensaje warn de prueba',
  level: 'warn',
  timestamp: '2023-03-05T08:03:42.620Z'
}
{
  message: 'Este es un mensaje error de prueba',
  level: 'error',
  timestamp: '2023-03-05T08:03:42.623Z'
}
{
  message: 'Este es un mensaje warn de prueba',
  level: 'warn',
  timestamp: '2023-03-05T08:03:50.178Z'
}
{
  message: 'Este es un mensaje error de prueba',
  level: 'error',
  timestamp: '2023-03-05T08:03:50.182Z'
}
{
  message: 'Este es un mensaje warn de prueba',
  level: 'warn',
  timestamp: '2023-03-05T08:05:19.317Z'
}
{
  message: 'Este es un mensaje error de prueba',
  level: 'error',
  timestamp: '2023-03-05T08:05:19.320Z'
}
{
  message: 'Este es un mensaje warn de prueba',
  level: 'warn',
  timestamp: '2023-03-05T08:05:48.604Z'
}
{
  message: 'Este es un mensaje error de prueba',
  level: 'error',
  timestamp: '2023-03-05T08:05:48.609Z'
}
{
  message: 'Este es un mensaje warn de prueba',
  level: 'warn',
  timestamp: '2023-03-05T08:12:11.768Z'
}
{
  message: 'Este es un mensaje error de prueba',
  level: 'error',
  timestamp: '2023-03-05T08:12:11.772Z'
}
{
  message: 'Este es un mensaje warn de prueba',
  level: 'warn',
  timestamp: '2023-03-05T08:14:57.887Z'
}
{
  message: 'Este es un mensaje error de prueba',
  level: 'error',
  timestamp: '2023-03-05T08:14:57.890Z'
}
{
  message: 'Este es un mensaje warn de prueba',
  level: 'warn',
  timestamp: '2023-03-05T08:18:54.673Z'
}
{
  message: 'Este es un mensaje error de prueba',
  level: 'error',
  timestamp: '2023-03-05T08:18:54.676Z'
}
{
  message: 'Este es un mensaje warn de prueba',
  level: 'warn',
  timestamp: '2023-03-05T08:19:12.916Z'
}
{
  message: 'Este es un mensaje error de prueba',
  level: 'error',
  timestamp: '2023-03-05T08:19:12.920Z'
}
{
  message: 'Este es un mensaje warn de prueba',
  level: 'warn',
  timestamp: '2023-03-05T08:19:20.343Z'
}
{
  message: 'Este es un mensaje error de prueba',
  level: 'error',
  timestamp: '2023-03-05T08:19:20.348Z'
}
{
  message: 'Este es un mensaje warn de prueba',
  level: 'warn',
  timestamp: '2023-03-05T14:52:23.969Z'
}
{
  message: 'Este es un mensaje error de prueba',
  level: 'error',
  timestamp: '2023-03-05T14:52:23.973Z'
}
{
  message: 'Este es un mensaje warn de prueba',
  level: 'warn',
  timestamp: '2023-03-05T14:54:13.271Z'
}
{
  message: 'Este es un mensaje error de prueba',
  level: 'error',
  timestamp: '2023-03-05T14:54:13.275Z'
}
{
  message: 'Este es un mensaje warn de prueba',
  level: 'warn',
  timestamp: '2023-03-05T14:54:18.724Z'
}
{
  message: 'Este es un mensaje error de prueba',
  level: 'error',
  timestamp: '2023-03-05T14:54:18.727Z'
}
{
  message: 'Este es un mensaje warn de prueba',
  level: 'warn',
  timestamp: '2023-03-05T14:54:41.160Z'
}
{
  message: 'Este es un mensaje error de prueba',
  level: 'error',
  timestamp: '2023-03-05T14:54:41.163Z'
}
{
  message: 'Este es un mensaje warn de prueba',
  level: 'warn',
  timestamp: '2023-03-05T14:55:04.366Z'
}
{
  message: 'Este es un mensaje error de prueba',
  level: 'error',
  timestamp: '2023-03-05T14:55:04.369Z'
}
{
  message: 'Este es un mensaje warn de prueba',
  level: 'warn',
  timestamp: '2023-03-05T14:55:39.939Z'
}
{
  message: 'Este es un mensaje error de prueba',
  level: 'error',
  timestamp: '2023-03-05T14:55:39.942Z'
}
{
  message: 'Este es un mensaje warn de prueba',
  level: 'warn',
  timestamp: '2023-03-05T15:00:58.295Z'
}
{
  message: 'Este es un mensaje error de prueba',
  level: 'error',
  timestamp: '2023-03-05T15:00:58.299Z'
}
{
  message: 'Este es un mensaje warn de prueba',
  level: 'warn',
  timestamp: '2023-03-05T15:02:32.010Z'
}
{
  message: 'Este es un mensaje error de prueba',
  level: 'error',
  timestamp: '2023-03-05T15:02:32.014Z'
}
{
  message: 'Este es un mensaje warn de prueba',
  level: 'warn',
  timestamp: '2023-03-05T15:08:30.951Z'
}
{
  message: 'Este es un mensaje error de prueba',
  level: 'error',
  timestamp: '2023-03-05T15:08:30.954Z'
}
{
  message: 'Este es un mensaje warn de prueba',
  level: 'warn',
  timestamp: '2023-03-05T15:11:43.644Z'
}
{
  message: 'Este es un mensaje error de prueba',
  level: 'error',
  timestamp: '2023-03-05T15:11:43.647Z'
}
{
  message: 'Este es un mensaje warn de prueba',
  level: 'warn',
  timestamp: '2023-03-05T15:15:20.574Z'
}
{
  message: 'Este es un mensaje error de prueba',
  level: 'error',
  timestamp: '2023-03-05T15:15:20.579Z'
}
{
  message: 'Este es un mensaje warn de prueba',
  level: 'warn',
  timestamp: '2023-03-05T15:15:55.341Z'
}
{
  message: 'Este es un mensaje error de prueba',
  level: 'error',
  timestamp: '2023-03-05T15:15:55.345Z'
}
{
  message: 'Este es un mensaje warn de prueba',
  level: 'warn',
  timestamp: '2023-03-05T15:16:35.884Z'
}
{
  message: 'Este es un mensaje error de prueba',
  level: 'error',
  timestamp: '2023-03-05T15:16:35.888Z'
}
{
  message: 'Este es un mensaje warn de prueba',
  level: 'warn',
  timestamp: '2023-03-05T15:18:15.273Z'
}
{
  message: 'Este es un mensaje error de prueba',
  level: 'error',
  timestamp: '2023-03-05T15:18:15.276Z'
}
{
  message: 'Este es un mensaje warn de prueba',
  level: 'warn',
  timestamp: '2023-03-05T15:18:25.951Z'
}
{
  message: 'Este es un mensaje error de prueba',
  level: 'error',
  timestamp: '2023-03-05T15:18:25.954Z'
}
{
  message: 'Este es un mensaje warn de prueba',
  level: 'warn',
  timestamp: '2023-03-05T15:19:02.975Z'
}
{
  message: 'Este es un mensaje error de prueba',
  level: 'error',
  timestamp: '2023-03-05T15:19:02.978Z'
}
{
  message: 'Este es un mensaje warn de prueba',
  level: 'warn',
  timestamp: '2023-03-05T15:19:16.764Z'
}
{
  message: 'Este es un mensaje error de prueba',
  level: 'error',
  timestamp: '2023-03-05T15:19:16.767Z'
}
{
  message: 'Este es un mensaje warn de prueba',
  level: 'warn',
  timestamp: '2023-03-05T15:21:44.080Z'
}
{
  message: 'Este es un mensaje error de prueba',
  level: 'error',
  timestamp: '2023-03-05T15:21:44.084Z'
}
{
  message: 'Este es un mensaje warn de prueba',
  level: 'warn',
  timestamp: '2023-03-05T15:22:26.680Z'
}
{
  message: 'Este es un mensaje error de prueba',
  level: 'error',
  timestamp: '2023-03-05T15:22:26.684Z'
}
{
  message: 'Este es un mensaje warn de prueba',
  level: 'warn',
  timestamp: '2023-03-05T15:23:39.265Z'
}
{
  message: 'Este es un mensaje error de prueba',
  level: 'error',
  timestamp: '2023-03-05T15:23:39.269Z'
}
{
  message: 'Este es un mensaje warn de prueba',
  level: 'warn',
  timestamp: '2023-03-05T15:23:42.941Z'
}
{
  message: 'Este es un mensaje error de prueba',
  level: 'error',
  timestamp: '2023-03-05T15:23:42.944Z'
}
{
  message: 'Este es un mensaje warn de prueba',
  level: 'warn',
  timestamp: '2023-03-05T15:24:49.944Z'
}
{
  message: 'Este es un mensaje error de prueba',
  level: 'error',
  timestamp: '2023-03-05T15:24:49.949Z'
}
{
  message: 'Este es un mensaje warn de prueba',
  level: 'warn',
  timestamp: '2023-03-05T15:25:06.674Z'
}
{
  message: 'Este es un mensaje error de prueba',
  level: 'error',
  timestamp: '2023-03-05T15:25:06.677Z'
}
{
  message: 'Este es un mensaje warn de prueba',
  level: 'warn',
  timestamp: '2023-03-05T15:25:13.738Z'
}
{
  message: 'Este es un mensaje error de prueba',
  level: 'error',
  timestamp: '2023-03-05T15:25:13.741Z'
}
{
  message: 'Este es un mensaje warn de prueba',
  level: 'warn',
  timestamp: '2023-03-05T15:27:23.431Z'
}
{
  message: 'Este es un mensaje error de prueba',
  level: 'error',
  timestamp: '2023-03-05T15:27:23.434Z'
}
{
  message: 'Este es un mensaje warn de prueba',
  level: 'warn',
  timestamp: '2023-03-05T15:27:56.711Z'
}
{
  message: 'Este es un mensaje error de prueba',
  level: 'error',
  timestamp: '2023-03-05T15:27:56.714Z'
}
{
  message: 'Este es un mensaje warn de prueba',
  level: 'warn',
  timestamp: '2023-03-05T15:29:14.831Z'
}
{
  message: 'Este es un mensaje error de prueba',
  level: 'error',
  timestamp: '2023-03-05T15:29:14.834Z'
}
{
  message: 'Este es un mensaje warn de prueba',
  level: 'warn',
  timestamp: '2023-03-05T15:30:01.747Z'
}
{
  message: 'Este es un mensaje error de prueba',
  level: 'error',
  timestamp: '2023-03-05T15:30:01.750Z'
}
{
  message: 'Este es un mensaje warn de prueba',
  level: 'warn',
  timestamp: '2023-03-05T15:32:31.875Z'
}
{
  message: 'Este es un mensaje error de prueba',
  level: 'error',
  timestamp: '2023-03-05T15:32:31.879Z'
}
{
  message: 'Este es un mensaje warn de prueba',
  level: 'warn',
  timestamp: '2023-03-05T15:33:06.664Z'
}
{
  message: 'Este es un mensaje error de prueba',
  level: 'error',
  timestamp: '2023-03-05T15:33:06.669Z'
}
{
  message: 'Este es un mensaje warn de prueba',
  level: 'warn',
  timestamp: '2023-03-05T15:36:39.301Z'
}
{
  message: 'Este es un mensaje error de prueba',
  level: 'error',
  timestamp: '2023-03-05T15:36:39.304Z'
}
{
  message: 'Este es un mensaje warn de prueba',
  level: 'warn',
  timestamp: '2023-03-05T15:36:43.510Z'
}
{
  message: 'Este es un mensaje error de prueba',
  level: 'error',
  timestamp: '2023-03-05T15:36:43.514Z'
}
{
  message: 'Este es un mensaje warn de prueba',
  level: 'warn',
  timestamp: '2023-03-05T15:56:34.922Z'
}
{
  message: 'Este es un mensaje error de prueba',
  level: 'error',
  timestamp: '2023-03-05T15:56:34.927Z'
}
{
  message: 'Este es un mensaje warn de prueba',
  level: 'warn',
  timestamp: '2023-03-05T15:57:28.251Z'
}
{
  message: 'Este es un mensaje error de prueba',
  level: 'error',
  timestamp: '2023-03-05T15:57:28.254Z'
}
{
  message: 'Este es un mensaje warn de prueba',
  level: 'warn',
  timestamp: '2023-03-05T16:10:18.478Z'
}
{
  message: 'Este es un mensaje error de prueba',
  level: 'error',
  timestamp: '2023-03-05T16:10:18.481Z'
}
{
  message: 'Este es un mensaje warn de prueba',
  level: 'warn',
  timestamp: '2023-03-05T16:10:37.304Z'
}
{
  message: 'Este es un mensaje error de prueba',
  level: 'error',
  timestamp: '2023-03-05T16:10:37.317Z'
}
{
  message: 'Este es un mensaje warn de prueba',
  level: 'warn',
  timestamp: '2023-03-05T16:10:49.739Z'
}
{
  message: 'Este es un mensaje error de prueba',
  level: 'error',
  timestamp: '2023-03-05T16:10:49.744Z'
}
{
  message: 'Este es un mensaje warn de prueba',
  level: 'warn',
  timestamp: '2023-03-05T16:11:40.296Z'
}
{
  message: 'Este es un mensaje error de prueba',
  level: 'error',
  timestamp: '2023-03-05T16:11:40.300Z'
}
{
  message: 'Este es un mensaje warn de prueba',
  level: 'warn',
  timestamp: '2023-03-05T16:12:32.923Z'
}
{
  message: 'Este es un mensaje error de prueba',
  level: 'error',
  timestamp: '2023-03-05T16:12:32.926Z'
}
{
  message: 'Este es un mensaje warn de prueba',
  level: 'warn',
  timestamp: '2023-03-05T16:15:10.134Z'
}
{
  message: 'Este es un mensaje error de prueba',
  level: 'error',
  timestamp: '2023-03-05T16:15:10.138Z'
}
{
  message: 'Este es un mensaje warn de prueba',
  level: 'warn',
  timestamp: '2023-03-05T16:15:44.179Z'
}
{
  message: 'Este es un mensaje error de prueba',
  level: 'error',
  timestamp: '2023-03-05T16:15:44.183Z'
}
{
  message: 'Este es un mensaje warn de prueba',
  level: 'warn',
  timestamp: '2023-03-05T16:16:48.867Z'
}
{
  message: 'Este es un mensaje error de prueba',
  level: 'error',
  timestamp: '2023-03-05T16:16:48.870Z'
}
{
  message: 'Este es un mensaje warn de prueba',
  level: 'warn',
  timestamp: '2023-03-05T16:18:09.327Z'
}
{
  message: 'Este es un mensaje error de prueba',
  level: 'error',
  timestamp: '2023-03-05T16:18:09.331Z'
}
{
  message: 'Este es un mensaje warn de prueba',
  level: 'warn',
  timestamp: '2023-03-05T16:21:45.717Z'
}
{
  message: 'Este es un mensaje error de prueba',
  level: 'error',
  timestamp: '2023-03-05T16:21:45.721Z'
}
{
  message: 'Este es un mensaje warn de prueba',
  level: 'warn',
  timestamp: '2023-03-05T16:21:53.217Z'
}
{
  message: 'Este es un mensaje error de prueba',
  level: 'error',
  timestamp: '2023-03-05T16:21:53.221Z'
}
{
  message: 'Este es un mensaje warn de prueba',
  level: 'warn',
  timestamp: '2023-03-05T16:22:06.698Z'
}
{
  message: 'Este es un mensaje error de prueba',
  level: 'error',
  timestamp: '2023-03-05T16:22:06.701Z'
}
{
  message: 'Este es un mensaje warn de prueba',
  level: 'warn',
  timestamp: '2023-03-05T16:22:19.870Z'
}
{
  message: 'Este es un mensaje error de prueba',
  level: 'error',
  timestamp: '2023-03-05T16:22:19.874Z'
}
{
  message: 'Este es un mensaje warn de prueba',
  level: 'warn',
  timestamp: '2023-03-05T16:23:56.074Z'
}
{
  message: 'Este es un mensaje error de prueba',
  level: 'error',
  timestamp: '2023-03-05T16:23:56.078Z'
}
{
  message: 'Este es un mensaje warn de prueba',
  level: 'warn',
  timestamp: '2023-03-05T16:25:42.541Z'
}
{
  message: 'Este es un mensaje error de prueba',
  level: 'error',
  timestamp: '2023-03-05T16:25:42.545Z'
}
{
  message: 'Este es un mensaje warn de prueba',
  level: 'warn',
  timestamp: '2023-03-05T16:26:14.429Z'
}
{
  message: 'Este es un mensaje error de prueba',
  level: 'error',
  timestamp: '2023-03-05T16:26:14.434Z'
}
{
  message: 'Este es un mensaje warn de prueba',
  level: 'warn',
  timestamp: '2023-03-05T16:26:40.682Z'
}
{
  message: 'Este es un mensaje error de prueba',
  level: 'error',
  timestamp: '2023-03-05T16:26:40.686Z'
}
{
  message: 'Este es un mensaje warn de prueba',
  level: 'warn',
  timestamp: '2023-03-05T16:27:45.086Z'
}
{
  message: 'Este es un mensaje error de prueba',
  level: 'error',
  timestamp: '2023-03-05T16:27:45.089Z'
}
{
  message: 'Este es un mensaje warn de prueba',
  level: 'warn',
  timestamp: '2023-03-05T16:28:50.007Z'
}
{
  message: 'Este es un mensaje error de prueba',
  level: 'error',
  timestamp: '2023-03-05T16:28:50.011Z'
}
{
  message: 'Este es un mensaje warn de prueba',
  level: 'warn',
  timestamp: '2023-03-05T16:29:15.144Z'
}
{
  message: 'Este es un mensaje error de prueba',
  level: 'error',
  timestamp: '2023-03-05T16:29:15.148Z'
}
{
  message: 'Este es un mensaje warn de prueba',
  level: 'warn',
  timestamp: '2023-03-05T16:31:29.277Z'
}
{
  message: 'Este es un mensaje error de prueba',
  level: 'error',
  timestamp: '2023-03-05T16:31:29.281Z'
}
{
  message: 'Este es un mensaje warn de prueba',
  level: 'warn',
  timestamp: '2023-03-05T16:37:24.615Z'
}
{
  message: 'Este es un mensaje error de prueba',
  level: 'error',
  timestamp: '2023-03-05T16:37:24.618Z'
}
{
  message: 'Este es un mensaje warn de prueba',
  level: 'warn',
  timestamp: '2023-03-05T16:39:11.327Z'
}
{
  message: 'Este es un mensaje error de prueba',
  level: 'error',
  timestamp: '2023-03-05T16:39:11.330Z'
}
{
  message: 'Este es un mensaje warn de prueba',
  level: 'warn',
  timestamp: '2023-03-05T16:44:14.124Z'
}
{
  message: 'Este es un mensaje error de prueba',
  level: 'error',
  timestamp: '2023-03-05T16:44:14.127Z'
}
{
  message: 'Este es un mensaje warn de prueba',
  level: 'warn',
  timestamp: '2023-03-05T16:45:00.917Z'
}
{
  message: 'Este es un mensaje error de prueba',
  level: 'error',
  timestamp: '2023-03-05T16:45:00.920Z'
}
{
  message: 'Este es un mensaje warn de prueba',
  level: 'warn',
  timestamp: '2023-03-05T16:45:55.042Z'
}
{
  message: 'Este es un mensaje error de prueba',
  level: 'error',
  timestamp: '2023-03-05T16:45:55.046Z'
}
{
  message: 'Este es un mensaje warn de prueba',
  level: 'warn',
  timestamp: '2023-03-05T16:48:53.881Z'
}
{
  message: 'Este es un mensaje error de prueba',
  level: 'error',
  timestamp: '2023-03-05T16:48:53.885Z'
}
{
  message: 'Este es un mensaje warn de prueba',
  level: 'warn',
  timestamp: '2023-03-05T16:51:34.563Z'
}
{
  message: 'Este es un mensaje error de prueba',
  level: 'error',
  timestamp: '2023-03-05T16:51:34.566Z'
}
{
  message: 'Este es un mensaje warn de prueba',
  level: 'warn',
  timestamp: '2023-03-05T16:52:57.901Z'
}
{
  message: 'Este es un mensaje error de prueba',
  level: 'error',
  timestamp: '2023-03-05T16:52:57.904Z'
}
{
  message: 'Este es un mensaje warn de prueba',
  level: 'warn',
  timestamp: '2023-03-05T16:53:57.240Z'
}
{
  message: 'Este es un mensaje error de prueba',
  level: 'error',
  timestamp: '2023-03-05T16:53:57.244Z'
}
{
  message: 'Este es un mensaje warn de prueba',
  level: 'warn',
  timestamp: '2023-03-05T16:57:07.088Z'
}
{
  message: 'Este es un mensaje error de prueba',
  level: 'error',
  timestamp: '2023-03-05T16:57:07.094Z'
}
{
  message: 'Este es un mensaje warn de prueba',
  level: 'warn',
  timestamp: '2023-03-05T16:58:06.287Z'
}
{
  message: 'Este es un mensaje error de prueba',
  level: 'error',
  timestamp: '2023-03-05T16:58:06.290Z'
}
{
  message: 'Este es un mensaje warn de prueba',
  level: 'warn',
  timestamp: '2023-03-05T16:58:46.150Z'
}
{
  message: 'Este es un mensaje error de prueba',
  level: 'error',
  timestamp: '2023-03-05T16:58:46.154Z'
}
{
  message: 'Este es un mensaje warn de prueba',
  level: 'warn',
  timestamp: '2023-03-05T16:59:18.138Z'
}
{
  message: 'Este es un mensaje error de prueba',
  level: 'error',
  timestamp: '2023-03-05T16:59:18.142Z'
}
{
  message: 'Este es un mensaje warn de prueba',
  level: 'warn',
  timestamp: '2023-03-05T16:59:40.589Z'
}
{
  message: 'Este es un mensaje error de prueba',
  level: 'error',
  timestamp: '2023-03-05T16:59:40.592Z'
}
{
  message: 'Este es un mensaje warn de prueba',
  level: 'warn',
  timestamp: '2023-03-05T17:00:56.104Z'
}
{
  message: 'Este es un mensaje error de prueba',
  level: 'error',
  timestamp: '2023-03-05T17:00:56.107Z'
}
{
  message: 'Este es un mensaje warn de prueba',
  level: 'warn',
  timestamp: '2023-03-05T17:01:46.181Z'
}
{
  message: 'Este es un mensaje error de prueba',
  level: 'error',
  timestamp: '2023-03-05T17:01:46.185Z'
}
{
  message: 'Este es un mensaje warn de prueba',
  level: 'warn',
  timestamp: '2023-03-05T17:02:24.683Z'
}
{
  message: 'Este es un mensaje error de prueba',
  level: 'error',
  timestamp: '2023-03-05T17:02:24.686Z'
}
{
  message: 'Este es un mensaje warn de prueba',
  level: 'warn',
  timestamp: '2023-03-05T17:03:05.594Z'
}
{
  message: 'Este es un mensaje error de prueba',
  level: 'error',
  timestamp: '2023-03-05T17:03:05.601Z'
}
{
  message: 'Este es un mensaje warn de prueba',
  level: 'warn',
  timestamp: '2023-03-05T17:03:39.893Z'
}
{
  message: 'Este es un mensaje error de prueba',
  level: 'error',
  timestamp: '2023-03-05T17:03:39.901Z'
}
{
  message: 'Este es un mensaje warn de prueba',
  level: 'warn',
  timestamp: '2023-03-05T17:04:34.256Z'
}
{
  message: 'Este es un mensaje error de prueba',
  level: 'error',
  timestamp: '2023-03-05T17:04:34.259Z'
}
{
  message: 'Este es un mensaje warn de prueba',
  level: 'warn',
  timestamp: '2023-03-05T17:06:29.176Z'
}
{
  message: 'Este es un mensaje error de prueba',
  level: 'error',
  timestamp: '2023-03-05T17:06:29.183Z'
}
{
  message: 'Este es un mensaje warn de prueba',
  level: 'warn',
  timestamp: '2023-03-05T17:12:38.881Z'
}
{
  message: 'Este es un mensaje error de prueba',
  level: 'error',
  timestamp: '2023-03-05T17:12:38.884Z'
}
{
  message: 'Este es un mensaje warn de prueba',
  level: 'warn',
  timestamp: '2023-03-05T17:13:12.494Z'
}
{
  message: 'Este es un mensaje error de prueba',
  level: 'error',
  timestamp: '2023-03-05T17:13:12.498Z'
}
{
  message: 'Este es un mensaje warn de prueba',
  level: 'warn',
  timestamp: '2023-03-05T17:13:58.297Z'
}
{
  message: 'Este es un mensaje error de prueba',
  level: 'error',
  timestamp: '2023-03-05T17:13:58.301Z'
}
{
  message: 'Este es un mensaje warn de prueba',
  level: 'warn',
  timestamp: '2023-03-05T17:14:42.843Z'
}
{
  message: 'Este es un mensaje error de prueba',
  level: 'error',
  timestamp: '2023-03-05T17:14:42.846Z'
}
{
  message: 'Este es un mensaje warn de prueba',
  level: 'warn',
  timestamp: '2023-03-05T17:16:23.201Z'
}
{
  message: 'Este es un mensaje error de prueba',
  level: 'error',
  timestamp: '2023-03-05T17:16:23.204Z'
}
{
  message: 'Este es un mensaje warn de prueba',
  level: 'warn',
  timestamp: '2023-03-05T17:17:58.286Z'
}
{
  message: 'Este es un mensaje error de prueba',
  level: 'error',
  timestamp: '2023-03-05T17:17:58.292Z'
}
{
  message: 'Este es un mensaje warn de prueba',
  level: 'warn',
  timestamp: '2023-03-05T17:23:58.146Z'
}
{
  message: 'Este es un mensaje error de prueba',
  level: 'error',
  timestamp: '2023-03-05T17:23:58.149Z'
}
{
  message: 'Este es un mensaje warn de prueba',
  level: 'warn',
  timestamp: '2023-03-05T17:26:00.008Z'
}
{
  message: 'Este es un mensaje error de prueba',
  level: 'error',
  timestamp: '2023-03-05T17:26:00.011Z'
}
{
  message: 'Este es un mensaje warn de prueba',
  level: 'warn',
  timestamp: '2023-03-05T17:26:59.320Z'
}
{
  message: 'Este es un mensaje error de prueba',
  level: 'error',
  timestamp: '2023-03-05T17:26:59.324Z'
}
{
  message: 'Este es un mensaje warn de prueba',
  level: 'warn',
  timestamp: '2023-03-05T17:27:57.066Z'
}
{
  message: 'Este es un mensaje error de prueba',
  level: 'error',
  timestamp: '2023-03-05T17:27:57.070Z'
}
{
  message: 'Este es un mensaje warn de prueba',
  level: 'warn',
  timestamp: '2023-03-05T17:30:52.076Z'
}
{
  message: 'Este es un mensaje error de prueba',
  level: 'error',
  timestamp: '2023-03-05T17:30:52.080Z'
}
{
  message: 'Este es un mensaje warn de prueba',
  level: 'warn',
  timestamp: '2023-03-05T17:32:08.769Z'
}
{
  message: 'Este es un mensaje error de prueba',
  level: 'error',
  timestamp: '2023-03-05T17:32:08.774Z'
}
{
  message: 'Este es un mensaje warn de prueba',
  level: 'warn',
  timestamp: '2023-03-05T17:35:13.435Z'
}
{
  message: 'Este es un mensaje error de prueba',
  level: 'error',
  timestamp: '2023-03-05T17:35:13.438Z'
}
{
  message: 'Este es un mensaje warn de prueba',
  level: 'warn',
  timestamp: '2023-03-05T17:35:37.041Z'
}
{
  message: 'Este es un mensaje error de prueba',
  level: 'error',
  timestamp: '2023-03-05T17:35:37.044Z'
}
{
  message: 'Este es un mensaje warn de prueba',
  level: 'warn',
  timestamp: '2023-03-05T17:36:46.566Z'
}
{
  message: 'Este es un mensaje error de prueba',
  level: 'error',
  timestamp: '2023-03-05T17:36:46.569Z'
}
{
  message: 'Este es un mensaje warn de prueba',
  level: 'warn',
  timestamp: '2023-03-05T17:36:48.617Z'
}
{
  message: 'Este es un mensaje error de prueba',
  level: 'error',
  timestamp: '2023-03-05T17:36:48.621Z'
}
{
  message: 'Este es un mensaje warn de prueba',
  level: 'warn',
  timestamp: '2023-03-05T17:36:53.138Z'
}
{
  message: 'Este es un mensaje error de prueba',
  level: 'error',
  timestamp: '2023-03-05T17:36:53.142Z'
}
{
  message: 'Este es un mensaje warn de prueba',
  level: 'warn',
  timestamp: '2023-03-05T17:40:56.432Z'
}
{
  message: 'Este es un mensaje error de prueba',
  level: 'error',
  timestamp: '2023-03-05T17:40:56.436Z'
}
{
  message: 'Este es un mensaje warn de prueba',
  level: 'warn',
  timestamp: '2023-03-05T17:42:49.155Z'
}
{
  message: 'Este es un mensaje error de prueba',
  level: 'error',
  timestamp: '2023-03-05T17:42:49.159Z'
}
{
  message: 'Este es un mensaje warn de prueba',
  level: 'warn',
  timestamp: '2023-03-05T17:43:03.340Z'
}
{
  message: 'Este es un mensaje error de prueba',
  level: 'error',
  timestamp: '2023-03-05T17:43:03.344Z'
}
{
  message: 'Este es un mensaje warn de prueba',
  level: 'warn',
  timestamp: '2023-03-05T17:43:13.076Z'
}
{
  message: 'Este es un mensaje error de prueba',
  level: 'error',
  timestamp: '2023-03-05T17:43:13.081Z'
}
{
  message: 'Este es un mensaje warn de prueba',
  level: 'warn',
  timestamp: '2023-03-05T17:44:26.621Z'
}
{
  message: 'Este es un mensaje error de prueba',
  level: 'error',
  timestamp: '2023-03-05T17:44:26.624Z'
}
{
  message: 'Este es un mensaje warn de prueba',
  level: 'warn',
  timestamp: '2023-03-05T17:44:45.603Z'
}
{
  message: 'Este es un mensaje error de prueba',
  level: 'error',
  timestamp: '2023-03-05T17:44:45.607Z'
}
{
  message: 'Este es un mensaje warn de prueba',
  level: 'warn',
  timestamp: '2023-03-05T17:45:30.577Z'
}
{
  message: 'Este es un mensaje error de prueba',
  level: 'error',
  timestamp: '2023-03-05T17:45:30.580Z'
}
{
  message: 'Este es un mensaje warn de prueba',
  level: 'warn',
  timestamp: '2023-03-05T17:46:13.173Z'
}
{
  message: 'Este es un mensaje error de prueba',
  level: 'error',
  timestamp: '2023-03-05T17:46:13.176Z'
}
{
  message: 'Este es un mensaje warn de prueba',
  level: 'warn',
  timestamp: '2023-03-05T17:47:04.901Z'
}
{
  message: 'Este es un mensaje error de prueba',
  level: 'error',
  timestamp: '2023-03-05T17:47:04.904Z'
}
{
  message: 'Este es un mensaje warn de prueba',
  level: 'warn',
  timestamp: '2023-03-05T17:47:13.442Z'
}
{
  message: 'Este es un mensaje error de prueba',
  level: 'error',
  timestamp: '2023-03-05T17:47:13.446Z'
}
{
  message: 'Este es un mensaje warn de prueba',
  level: 'warn',
  timestamp: '2023-03-05T17:48:16.939Z'
}
{
  message: 'Este es un mensaje error de prueba',
  level: 'error',
  timestamp: '2023-03-05T17:48:16.942Z'
}
{
  message: 'Este es un mensaje warn de prueba',
  level: 'warn',
  timestamp: '2023-03-05T17:48:33.980Z'
}
{
  message: 'Este es un mensaje error de prueba',
  level: 'error',
  timestamp: '2023-03-05T17:48:33.984Z'
}
{
  message: 'Este es un mensaje warn de prueba',
  level: 'warn',
  timestamp: '2023-03-05T17:49:24.038Z'
}
{
  message: 'Este es un mensaje error de prueba',
  level: 'error',
  timestamp: '2023-03-05T17:49:24.041Z'
}
{
  message: 'Este es un mensaje warn de prueba',
  level: 'warn',
  timestamp: '2023-03-05T17:50:31.128Z'
}
{
  message: 'Este es un mensaje error de prueba',
  level: 'error',
  timestamp: '2023-03-05T17:50:31.132Z'
}
{
  message: 'Este es un mensaje warn de prueba',
  level: 'warn',
  timestamp: '2023-03-05T17:50:40.594Z'
}
{
  message: 'Este es un mensaje error de prueba',
  level: 'error',
  timestamp: '2023-03-05T17:50:40.597Z'
}
{
  message: 'Este es un mensaje warn de prueba',
  level: 'warn',
  timestamp: '2023-03-05T17:50:42.508Z'
}
{
  message: 'Este es un mensaje error de prueba',
  level: 'error',
  timestamp: '2023-03-05T17:50:42.511Z'
}
{
  message: 'Este es un mensaje warn de prueba',
  level: 'warn',
  timestamp: '2023-03-05T17:51:15.842Z'
}
{
  message: 'Este es un mensaje error de prueba',
  level: 'error',
  timestamp: '2023-03-05T17:51:15.846Z'
}
{
  message: 'Este es un mensaje warn de prueba',
  level: 'warn',
  timestamp: '2023-03-05T17:51:40.349Z'
}
{
  message: 'Este es un mensaje error de prueba',
  level: 'error',
  timestamp: '2023-03-05T17:51:40.354Z'
}
{
  message: 'Este es un mensaje warn de prueba',
  level: 'warn',
  timestamp: '2023-03-05T17:52:09.089Z'
}
{
  message: 'Este es un mensaje error de prueba',
  level: 'error',
  timestamp: '2023-03-05T17:52:09.093Z'
}
{
  message: 'Este es un mensaje warn de prueba',
  level: 'warn',
  timestamp: '2023-03-05T17:52:45.100Z'
}
{
  message: 'Este es un mensaje error de prueba',
  level: 'error',
  timestamp: '2023-03-05T17:52:45.104Z'
}
{
  message: 'Este es un mensaje warn de prueba',
  level: 'warn',
  timestamp: '2023-03-05T17:53:22.925Z'
}
{
  message: 'Este es un mensaje error de prueba',
  level: 'error',
  timestamp: '2023-03-05T17:53:22.929Z'
}
{
  message: 'Este es un mensaje warn de prueba',
  level: 'warn',
  timestamp: '2023-03-05T17:53:56.610Z'
}
{
  message: 'Este es un mensaje error de prueba',
  level: 'error',
  timestamp: '2023-03-05T17:53:56.613Z'
}
{
  message: 'Este es un mensaje warn de prueba',
  level: 'warn',
  timestamp: '2023-03-05T17:55:05.947Z'
}
{
  message: 'Este es un mensaje error de prueba',
  level: 'error',
  timestamp: '2023-03-05T17:55:05.950Z'
}
{
  message: 'Este es un mensaje warn de prueba',
  level: 'warn',
  timestamp: '2023-03-05T17:55:39.590Z'
}
{
  message: 'Este es un mensaje error de prueba',
  level: 'error',
  timestamp: '2023-03-05T17:55:39.594Z'
}
{
  message: 'Este es un mensaje warn de prueba',
  level: 'warn',
  timestamp: '2023-03-05T17:58:28.553Z'
}
{
  message: 'Este es un mensaje error de prueba',
  level: 'error',
  timestamp: '2023-03-05T17:58:28.556Z'
}
{
  message: 'Este es un mensaje warn de prueba',
  level: 'warn',
  timestamp: '2023-03-05T18:02:46.925Z'
}
{
  message: 'Este es un mensaje error de prueba',
  level: 'error',
  timestamp: '2023-03-05T18:02:46.929Z'
}
{
  message: 'Este es un mensaje warn de prueba',
  level: 'warn',
  timestamp: '2023-03-05T18:04:15.876Z'
}
{
  message: 'Este es un mensaje error de prueba',
  level: 'error',
  timestamp: '2023-03-05T18:04:15.881Z'
}
{
  message: 'Este es un mensaje warn de prueba',
  level: 'warn',
  timestamp: '2023-03-05T18:06:29.305Z'
}
{
  message: 'Este es un mensaje error de prueba',
  level: 'error',
  timestamp: '2023-03-05T18:06:29.308Z'
}
{
  message: 'Este es un mensaje warn de prueba',
  level: 'warn',
  timestamp: '2023-03-05T18:08:20.519Z'
}
{
  message: 'Este es un mensaje error de prueba',
  level: 'error',
  timestamp: '2023-03-05T18:08:20.523Z'
}
{
  message: 'Este es un mensaje warn de prueba',
  level: 'warn',
  timestamp: '2023-03-05T18:08:49.462Z'
}
{
  message: 'Este es un mensaje error de prueba',
  level: 'error',
  timestamp: '2023-03-05T18:08:49.467Z'
}
{
  message: 'Este es un mensaje warn de prueba',
  level: 'warn',
  timestamp: '2023-03-05T18:09:06.497Z'
}
{
  message: 'Este es un mensaje error de prueba',
  level: 'error',
  timestamp: '2023-03-05T18:09:06.501Z'
}
{
  message: 'Este es un mensaje warn de prueba',
  level: 'warn',
  timestamp: '2023-03-05T18:09:24.824Z'
}
{
  message: 'Este es un mensaje error de prueba',
  level: 'error',
  timestamp: '2023-03-05T18:09:24.830Z'
}
{
  message: 'Este es un mensaje warn de prueba',
  level: 'warn',
  timestamp: '2023-03-05T18:10:11.911Z'
}
{
  message: 'Este es un mensaje error de prueba',
  level: 'error',
  timestamp: '2023-03-05T18:10:11.914Z'
}
{
  message: 'Este es un mensaje warn de prueba',
  level: 'warn',
  timestamp: '2023-03-05T18:10:39.871Z'
}
{
  message: 'Este es un mensaje error de prueba',
  level: 'error',
  timestamp: '2023-03-05T18:10:39.874Z'
}
{
  message: 'Este es un mensaje warn de prueba',
  level: 'warn',
  timestamp: '2023-03-05T18:10:53.164Z'
}
{
  message: 'Este es un mensaje error de prueba',
  level: 'error',
  timestamp: '2023-03-05T18:10:53.168Z'
}
{
  message: 'Este es un mensaje warn de prueba',
  level: 'warn',
  timestamp: '2023-03-05T18:18:22.754Z'
}
{
  message: 'Este es un mensaje error de prueba',
  level: 'error',
  timestamp: '2023-03-05T18:18:22.759Z'
}
{
  message: 'Este es un mensaje warn de prueba',
  level: 'warn',
  timestamp: '2023-03-05T18:19:10.813Z'
}
{
  message: 'Este es un mensaje error de prueba',
  level: 'error',
  timestamp: '2023-03-05T18:19:10.816Z'
}
{
  message: 'Este es un mensaje warn de prueba',
  level: 'warn',
  timestamp: '2023-03-05T18:19:41.585Z'
}
{
  message: 'Este es un mensaje error de prueba',
  level: 'error',
  timestamp: '2023-03-05T18:19:41.590Z'
}
{
  message: 'Este es un mensaje warn de prueba',
  level: 'warn',
  timestamp: '2023-03-05T18:23:07.672Z'
}
{
  message: 'Este es un mensaje error de prueba',
  level: 'error',
  timestamp: '2023-03-05T18:23:07.675Z'
}
{
  message: 'Este es un mensaje warn de prueba',
  level: 'warn',
  timestamp: '2023-03-05T18:24:05.940Z'
}
{
  message: 'Este es un mensaje error de prueba',
  level: 'error',
  timestamp: '2023-03-05T18:24:05.944Z'
}
{
  message: 'Este es un mensaje warn de prueba',
  level: 'warn',
  timestamp: '2023-03-05T18:24:23.202Z'
}
{
  message: 'Este es un mensaje error de prueba',
  level: 'error',
  timestamp: '2023-03-05T18:24:23.205Z'
}
{
  message: 'Este es un mensaje warn de prueba',
  level: 'warn',
  timestamp: '2023-03-05T18:25:08.716Z'
}
{
  message: 'Este es un mensaje error de prueba',
  level: 'error',
  timestamp: '2023-03-05T18:25:08.720Z'
}
{
  message: 'Este es un mensaje warn de prueba',
  level: 'warn',
  timestamp: '2023-03-05T18:25:34.202Z'
}
{
  message: 'Este es un mensaje error de prueba',
  level: 'error',
  timestamp: '2023-03-05T18:25:34.205Z'
}
{
  message: 'Este es un mensaje warn de prueba',
  level: 'warn',
  timestamp: '2023-03-05T18:25:50.472Z'
}
{
  message: 'Este es un mensaje error de prueba',
  level: 'error',
  timestamp: '2023-03-05T18:25:50.476Z'
}
{
  message: 'Este es un mensaje warn de prueba',
  level: 'warn',
  timestamp: '2023-03-05T18:26:52.103Z'
}
{
  message: 'Este es un mensaje error de prueba',
  level: 'error',
  timestamp: '2023-03-05T18:26:52.106Z'
}
{
  message: 'Este es un mensaje warn de prueba',
  level: 'warn',
  timestamp: '2023-03-05T18:28:37.491Z'
}
{
  message: 'Este es un mensaje error de prueba',
  level: 'error',
  timestamp: '2023-03-05T18:28:37.495Z'
}
{
  message: 'Este es un mensaje warn de prueba',
  level: 'warn',
  timestamp: '2023-03-05T18:29:15.155Z'
}
{
  message: 'Este es un mensaje error de prueba',
  level: 'error',
  timestamp: '2023-03-05T18:29:15.159Z'
}
{
  message: 'Este es un mensaje warn de prueba',
  level: 'warn',
  timestamp: '2023-03-05T18:33:15.369Z'
}
{
  message: 'Este es un mensaje error de prueba',
  level: 'error',
  timestamp: '2023-03-05T18:33:15.373Z'
}
{
  message: 'Este es un mensaje warn de prueba',
  level: 'warn',
  timestamp: '2023-03-05T18:43:30.791Z'
}
{
  message: 'Este es un mensaje error de prueba',
  level: 'error',
  timestamp: '2023-03-05T18:43:30.794Z'
}
{
  message: 'Este es un mensaje warn de prueba',
  level: 'warn',
  timestamp: '2023-03-05T18:58:23.861Z'
}
{
  message: 'Este es un mensaje error de prueba',
  level: 'error',
  timestamp: '2023-03-05T18:58:23.864Z'
}
{
  message: 'Este es un mensaje warn de prueba',
  level: 'warn',
  timestamp: '2023-03-05T18:58:41.458Z'
}
{
  message: 'Este es un mensaje error de prueba',
  level: 'error',
  timestamp: '2023-03-05T18:58:41.462Z'
}
{ level: 'warn', message: '', timestamp: '2023-03-05T19:00:24.624Z' }
{
  message: 'Este es un mensaje warn de prueba',
  level: 'warn',
  timestamp: '2023-03-05T19:04:30.236Z'
}
{
  message: 'Este es un mensaje error de prueba',
  level: 'error',
  timestamp: '2023-03-05T19:04:30.240Z'
}
{
  message: 'Este es un mensaje warn de prueba',
  level: 'warn',
  timestamp: '2023-03-05T19:06:56.637Z'
}
{
  message: 'Este es un mensaje error de prueba',
  level: 'error',
  timestamp: '2023-03-05T19:06:56.642Z'
}
{
  message: 'Este es un mensaje warn de prueba',
  level: 'warn',
  timestamp: '2023-03-05T19:08:47.283Z'
}
{
  message: 'Este es un mensaje error de prueba',
  level: 'error',
  timestamp: '2023-03-05T19:08:47.287Z'
}
{ level: 'warn', message: '', timestamp: '2023-03-05T19:08:50.445Z' }
{ level: 'warn', message: '', timestamp: '2023-03-05T19:09:36.721Z' }
{ level: 'warn', message: '', timestamp: '2023-03-05T19:10:01.037Z' }
{ level: 'warn', message: '', timestamp: '2023-03-05T19:23:35.087Z' }
